Arguments: 
  C:\Program Files\nodejs\node.exe C:\Program Files (x86)\Yarn\bin\yarn.js add chai-spies -D

PATH: 
  目录的绝对路径;C:\Program Files\Git\mingw64\bin;C:\Program Files\Git\usr\bin;C:\Users\Administrator.SC-201809221142\bin;C:\Program Files (x86)\Common Files\Oracle\Java\javapath;C:\Windows\system32;C:\Windows;C:\Windows\System32\Wbem;C:\Windows\System32\WindowsPowerShell\v1.0;C:\Program Files (x86)\Intel\OpenCL SDK\2.0\bin\x86;C:\Program Files (x86)\Intel\OpenCL SDK\2.0\bin\x64;C:\Program Files (x86)\ATI Technologies\ATI.ACE\Core-Static;C:\Program Files\Microsoft VS Code\bin;C:\Go\bin;C:\Program Files\Git\cmd;C:\Program Files\Git\mingw64\bin;C:\Program Files\Git\usr\bin;C:\Program Files (x86)\Yarn\bin;C:\Program Files\nodejs;C:\Users\Administrator.SC-201809221142\AppData\Local\Programs\Python\Python37-32\Scripts;C:\Users\Administrator.SC-201809221142\AppData\Local\Programs\Python\Python37-32;C:\Users\Administrator.SC-201809221142\AppData\Local\Microsoft\WindowsApps;C:\Users\Administrator.SC-201809221142\go\bin;C:\Users\Administrator.SC-201809221142\AppData\Local\Yarn\bin;C:\Users\Administrator.SC-201809221142\AppData\Roaming\npm;C:\Program Files\MongoDB\Server\4.2\bin

Yarn version: 
  1.17.3

Node version: 
  12.13.0

Platform: 
  win32 x64

Trace: 
  Error: EPERM: operation not permitted, mkdir 'C:\Users\Administrator.SC-201809221142\Desktop\yll-lunzi\node_modules\chai'

npm manifest: 
  {
    "name": "yll-lunzi",
    "version": "1.0.0",
    "description": "这是UI框架 VUE",
    "main": "index.js",
    "scripts": {
      "test": "echo \"Error: no test specified\" && exit 1"
    },
    "repository": {
      "type": "git",
      "url": "git+https://github.com/yll13454/new-lunzi.git"
    },
    "keywords": [
      "UI",
      "VUE"
    ],
    "author": "yll",
    "license": "ISC",
    "bugs": {
      "url": "https://github.com/yll13454/new-lunzi/issues"
    },
    "homepage": "https://github.com/yll13454/new-lunzi#readme",
    "dependencies": {
      "chai": "^4.2.0",
      "parcel-bundler": "^1.12.4",
      "vue": "^2.6.10",
      "vue-hot-reload-api": "^2.3.4"
    },
    "devDependencies": {
      "@vue/component-compiler-utils": "^3.0.2",
      "chai": "^4.2.0",
      "sass": "^1.23.7",
      "vue-template-compiler": "^2.6.10"
    },
    "alias": {
      "vue": "./node_modules/vue/dist/vue.common.js"
    }
  }

yarn manifest: 
  No manifest

Lockfile: 
  No lockfile
